2024.11.23 22:22:15 INFO  Started: Metals version 1.4.1 in folders '/Users/francisobeng/Developer/Web_Services/Web_Services/NEW_AST_WEBSERVFH' for client Visual Studio Code 1.82.2.
2024.11.23 22:22:15 WARN  Flyway upgrade recommended: H2 2.3.232 is newer than this version of Flyway and support has not been tested. The latest supported version of H2 is 2.2.224.
2024.11.23 22:23:29 INFO  Shutting down server
2024.11.23 22:23:29 INFO  shutting down Metals
2024.11.23 22:23:29 INFO  Exiting server
2024.11.23 23:12:50 INFO  Started: Metals version 1.4.1 in folders '/Users/francisobeng/Developer/Web_Services/Web_Services/NEW_AST_WEBSERVFH' for client Visual Studio Code 1.82.2.
2024.11.23 23:12:50 WARN  Flyway upgrade recommended: H2 2.3.232 is newer than this version of Flyway and support has not been tested. The latest supported version of H2 is 2.2.224.
2024.11.23 23:13:16 INFO  no build target found for /Users/francisobeng/Developer/Web_Services/Web_Services/NEW_AST_WEBSERVFH/JavaParserAnalyzer.java. Using presentation compiler with project's scala-library version: 3.3.4
2024.11.23 23:13:21 INFO  no build target found for /Users/francisobeng/Developer/Web_Services/Web_Services/NEW_AST_WEBSERVFH/JavaParserAnalyzer.java. Using presentation compiler with project's scala-library version: 3.3.4
Nov 23, 2024 11:13:21 PM org.eclipse.lsp4j.jsonrpc.RemoteEndpoint handleCancellation
WARNING: Unmatched cancel notification for request id 4
Nov 23, 2024 11:13:21 PM org.eclipse.lsp4j.jsonrpc.RemoteEndpoint handleCancellation
WARNING: Unmatched cancel notification for request id 6
2024.11.23 23:13:21 INFO  no build target found for /Users/francisobeng/Developer/Web_Services/Web_Services/NEW_AST_WEBSERVFH/JavaParserAnalyzer.java. Using presentation compiler with project's scala-library version: 3.3.4
Nov 23, 2024 11:13:21 PM org.eclipse.lsp4j.jsonrpc.RemoteEndpoint handleCancellation
WARNING: Unmatched cancel notification for request id 7
2024.11.23 23:13:21 INFO  no build target found for /Users/francisobeng/Developer/Web_Services/Web_Services/NEW_AST_WEBSERVFH/JavaParserAnalyzer.java. Using presentation compiler with project's scala-library version: 3.3.4
2024.11.23 23:13:21 INFO  no build target found for /Users/francisobeng/Developer/Web_Services/Web_Services/NEW_AST_WEBSERVFH/JavaParserAnalyzer.java. Using presentation compiler with project's scala-library version: 3.3.4
Nov 23, 2024 11:13:21 PM org.eclipse.lsp4j.jsonrpc.RemoteEndpoint handleCancellation
WARNING: Unmatched cancel notification for request id 16
Nov 23, 2024 11:13:22 PM scala.meta.internal.pc.CompilerAccess handleError
SEVERE: A severe compiler error occurred, full details of the error can be found in the error report /Users/francisobeng/Developer/Web_Services/Web_Services/NEW_AST_WEBSERVFH/.metals/.reports/metals-full/2024-11-23/r_compiler-error_23-13-22-554.md
2024.11.23 23:13:25 INFO  no build target found for /Users/francisobeng/Developer/Web_Services/Web_Services/NEW_AST_WEBSERVFH/JavaParserAnalyzer.java. Using presentation compiler with project's scala-library version: 3.3.4
Nov 23, 2024 11:13:25 PM scala.meta.internal.pc.CompilerAccess handleError
SEVERE: A severe compiler error occurred, full details of the error can be found in the error report /Users/francisobeng/Developer/Web_Services/Web_Services/NEW_AST_WEBSERVFH/.metals/.reports/metals-full/2024-11-23/r_compiler-error_23-13-25-549.md
2024.11.23 23:13:37 INFO  no build target found for /Users/francisobeng/Developer/Web_Services/Web_Services/NEW_AST_WEBSERVFH/JavaParserAnalyzer.java. Using presentation compiler with project's scala-library version: 3.3.4
2024.11.23 23:13:40 INFO  no build target found for /Users/francisobeng/Developer/Web_Services/Web_Services/NEW_AST_WEBSERVFH/JavaParserAnalyzer.java. Using presentation compiler with project's scala-library version: 3.3.4
2024.11.23 23:13:40 INFO  no build target found for /Users/francisobeng/Developer/Web_Services/Web_Services/NEW_AST_WEBSERVFH/JavaParserAnalyzer.java. Using presentation compiler with project's scala-library version: 3.3.4
Exception in thread "pool-7-thread-1" java.io.IOException: Is a directory
	at java.base/sun.nio.ch.UnixFileDispatcherImpl.read0(Native Method)
	at java.base/sun.nio.ch.UnixFileDispatcherImpl.read(UnixFileDispatcherImpl.java:51)
	at java.base/sun.nio.ch.IOUtil.readIntoNativeBuffer(IOUtil.java:340)
	at java.base/sun.nio.ch.IOUtil.read(IOUtil.java:306)
	at java.base/sun.nio.ch.IOUtil.read(IOUtil.java:283)
	at java.base/sun.nio.ch.FileChannelImpl.read(FileChannelImpl.java:235)
	at java.base/sun.nio.ch.ChannelInputStream.read(ChannelInputStream.java:74)
	at java.base/sun.nio.ch.ChannelInputStream.read(ChannelInputStream.java:103)
	at java.base/sun.nio.cs.StreamDecoder.readBytes(StreamDecoder.java:350)
	at java.base/sun.nio.cs.StreamDecoder.implRead(StreamDecoder.java:393)
	at java.base/sun.nio.cs.StreamDecoder.lockedRead(StreamDecoder.java:217)
	at java.base/sun.nio.cs.StreamDecoder.read(StreamDecoder.java:171)
	at java.base/java.io.InputStreamReader.read(InputStreamReader.java:186)
	at java.base/java.io.BufferedReader.fill(BufferedReader.java:160)
	at java.base/java.io.BufferedReader.implReadLine(BufferedReader.java:370)
	at java.base/java.io.BufferedReader.readLine(BufferedReader.java:347)
	at java.base/java.io.BufferedReader.readLine(BufferedReader.java:436)
	at java.base/java.nio.file.Files.readAllLines(Files.java:3400)
	at java.base/java.nio.file.Files.readAllLines(Files.java:3438)
	at scala.meta.internal.metals.StdReporter.$anonfun$1(ReportContext.scala:110)
	at scala.collection.immutable.List.flatMap(List.scala:294)
	at scala.meta.internal.metals.StdReporter.readInIds(ReportContext.scala:109)
	at scala.meta.internal.metals.StdReporter.create(ReportContext.scala:129)
	at scala.meta.internal.pc.CompilerAccess.handleError(CompilerAccess.scala:223)
	at scala.meta.internal.pc.CompilerAccess.withSharedCompiler$$anonfun$2(CompilerAccess.scala:171)
	at scala.Option.getOrElse(Option.scala:201)
	at scala.meta.internal.pc.CompilerAccess.withSharedCompiler(CompilerAccess.scala:173)
	at scala.meta.internal.pc.CompilerAccess.withNonInterruptableCompiler$$anonfun$1(CompilerAccess.scala:143)
	at scala.meta.internal.pc.CompilerAccess.onCompilerJobQueue$$anonfun$1(CompilerAccess.scala:246)
	at scala.meta.internal.pc.CompilerJobQueue$Job.run(CompilerJobQueue.scala:153)
	at java.base/java.util.concurrent.ThreadPoolExecutor.runWorker(ThreadPoolExecutor.java:1144)
	at java.base/java.util.concurrent.ThreadPoolExecutor$Worker.run(ThreadPoolExecutor.java:642)
	at java.base/java.lang.Thread.run(Thread.java:1570)
Nov 23, 2024 11:13:40 PM scala.meta.internal.pc.CompilerAccess handleError
SEVERE: A severe compiler error occurred, full details of the error can be found in the error report /Users/francisobeng/Developer/Web_Services/Web_Services/NEW_AST_WEBSERVFH/.metals/.reports/metals-full/2024-11-23/r_compiler-error_23-13-40-420.md
2024.11.23 23:13:40 INFO  no build target found for /Users/francisobeng/Developer/Web_Services/Web_Services/NEW_AST_WEBSERVFH/JavaParserAnalyzer.java. Using presentation compiler with project's scala-library version: 3.3.4
2024.11.23 23:13:40 INFO  no build target found for /Users/francisobeng/Developer/Web_Services/Web_Services/NEW_AST_WEBSERVFH/JavaParserAnalyzer.java. Using presentation compiler with project's scala-library version: 3.3.4
Nov 23, 2024 11:13:40 PM scala.meta.internal.pc.CompilerAccess handleError
SEVERE: A severe compiler error occurred, full details of the error can be found in the error report /Users/francisobeng/Developer/Web_Services/Web_Services/NEW_AST_WEBSERVFH/.metals/.reports/metals-full/2024-11-23/r_compiler-error_23-13-40-957.md
2024.11.23 23:13:40 INFO  no build target found for /Users/francisobeng/Developer/Web_Services/Web_Services/NEW_AST_WEBSERVFH/JavaParserAnalyzer.java. Using presentation compiler with project's scala-library version: 3.3.4
2024.11.23 23:13:43 INFO  no build target found for /Users/francisobeng/Developer/Web_Services/Web_Services/NEW_AST_WEBSERVFH/JavaParserAnalyzer.java. Using presentation compiler with project's scala-library version: 3.3.4
Nov 23, 2024 11:13:43 PM scala.meta.internal.pc.CompilerAccess handleError
SEVERE: A severe compiler error occurred, full details of the error can be found in the error report /Users/francisobeng/Developer/Web_Services/Web_Services/NEW_AST_WEBSERVFH/.metals/.reports/metals-full/2024-11-23/r_compiler-error_23-13-43-763.md
2024.11.23 23:13:43 INFO  no build target found for /Users/francisobeng/Developer/Web_Services/Web_Services/NEW_AST_WEBSERVFH/JavaParserAnalyzer.java. Using presentation compiler with project's scala-library version: 3.3.4
2024.11.23 23:13:48 INFO  no build target found for /Users/francisobeng/Developer/Web_Services/Web_Services/NEW_AST_WEBSERVFH/JavaParserAnalyzer.java. Using presentation compiler with project's scala-library version: 3.3.4
2024.11.23 23:13:48 INFO  no build target found for /Users/francisobeng/Developer/Web_Services/Web_Services/NEW_AST_WEBSERVFH/JavaParserAnalyzer.java. Using presentation compiler with project's scala-library version: 3.3.4
2024.11.23 23:14:18 INFO  no build target found for /Users/francisobeng/Developer/Web_Services/Web_Services/NEW_AST_WEBSERVFH/JavaParserAnalyzer.java. Using presentation compiler with project's scala-library version: 3.3.4
2024.11.23 23:14:20 INFO  no build target found for /Users/francisobeng/Developer/Web_Services/Web_Services/NEW_AST_WEBSERVFH/JavaParserAnalyzer.java. Using presentation compiler with project's scala-library version: 3.3.4
2024.11.23 23:14:20 INFO  no build target found for /Users/francisobeng/Developer/Web_Services/Web_Services/NEW_AST_WEBSERVFH/JavaParserAnalyzer.java. Using presentation compiler with project's scala-library version: 3.3.4
2024.11.23 23:14:20 INFO  no build target found for /Users/francisobeng/Developer/Web_Services/Web_Services/NEW_AST_WEBSERVFH/JavaParserAnalyzer.java. Using presentation compiler with project's scala-library version: 3.3.4
Nov 23, 2024 11:14:20 PM scala.meta.internal.pc.CompilerAccess handleError
SEVERE: A severe compiler error occurred, full details of the error can be found in the error report /Users/francisobeng/Developer/Web_Services/Web_Services/NEW_AST_WEBSERVFH/.metals/.reports/metals-full/2024-11-23/r_compiler-error_23-14-20-702.md
2024.11.23 23:14:20 INFO  no build target found for /Users/francisobeng/Developer/Web_Services/Web_Services/NEW_AST_WEBSERVFH/JavaParserAnalyzer.java. Using presentation compiler with project's scala-library version: 3.3.4
2024.11.23 23:14:30 INFO  no build target found for /Users/francisobeng/Developer/Web_Services/Web_Services/NEW_AST_WEBSERVFH/JavaParserAnalyzer.java. Using presentation compiler with project's scala-library version: 3.3.4
2024.11.23 23:14:30 INFO  no build target found for /Users/francisobeng/Developer/Web_Services/Web_Services/NEW_AST_WEBSERVFH/JavaParserAnalyzer.java. Using presentation compiler with project's scala-library version: 3.3.4
2024.11.23 23:14:30 INFO  no build target found for /Users/francisobeng/Developer/Web_Services/Web_Services/NEW_AST_WEBSERVFH/JavaParserAnalyzer.java. Using presentation compiler with project's scala-library version: 3.3.4
Nov 23, 2024 11:14:31 PM scala.meta.internal.pc.CompilerAccess handleError
SEVERE: A severe compiler error occurred, full details of the error can be found in the error report /Users/francisobeng/Developer/Web_Services/Web_Services/NEW_AST_WEBSERVFH/.metals/.reports/metals-full/2024-11-23/r_compiler-error_23-14-31-111.md
2024.11.23 23:14:30 INFO  no build target found for /Users/francisobeng/Developer/Web_Services/Web_Services/NEW_AST_WEBSERVFH/JavaParserAnalyzer.java. Using presentation compiler with project's scala-library version: 3.3.4
2024.11.23 23:14:34 WARN  no build target for: /Users/francisobeng/Developer/Web_Services/Web_Services/NEW_AST_WEBSERVFH/JavaParserAnalyzer.java
2024.11.23 23:14:34 INFO  no build target found for /Users/francisobeng/Developer/Web_Services/Web_Services/NEW_AST_WEBSERVFH/JavaParserAnalyzer.java. Using presentation compiler with project's scala-library version: 3.3.4
Nov 23, 2024 11:14:35 PM scala.meta.internal.pc.CompilerAccess handleError
SEVERE: A severe compiler error occurred, full details of the error can be found in the error report /Users/francisobeng/Developer/Web_Services/Web_Services/NEW_AST_WEBSERVFH/.metals/.reports/metals-full/2024-11-23/r_compiler-error_23-14-35-160.md
2024.11.23 23:14:35 INFO  Shutting down server
2024.11.23 23:14:35 INFO  shutting down Metals
2024.11.23 23:14:35 WARN  Flyway upgrade recommended: H2 2.3.232 is newer than this version of Flyway and support has not been tested. The latest supported version of H2 is 2.2.224.
2024.11.23 23:14:36 INFO  Exiting server
2024.11.23 23:14:35 ERROR Unexpected error initializing server: 
org.eclipse.lsp4j.jsonrpc.ResponseErrorException: Request window/showMessageRequest failed with message: Canceled
	at org.eclipse.lsp4j.jsonrpc.RemoteEndpoint.handleResponse(RemoteEndpoint.java:220)
	at org.eclipse.lsp4j.jsonrpc.RemoteEndpoint.consume(RemoteEndpoint.java:204)
	at org.eclipse.lsp4j.jsonrpc.json.StreamMessageProducer.handleMessage(StreamMessageProducer.java:185)
	at org.eclipse.lsp4j.jsonrpc.json.StreamMessageProducer.listen(StreamMessageProducer.java:97)
	at org.eclipse.lsp4j.jsonrpc.json.ConcurrentMessageProcessor.run(ConcurrentMessageProcessor.java:114)
	at java.util.concurrent.Executors$RunnableAdapter.call(Executors.java:572)
	at java.util.concurrent.FutureTask.run(FutureTask.java:317)
	at java.util.concurrent.ThreadPoolExecutor.runWorker(ThreadPoolExecutor.java:1144)
	at java.util.concurrent.ThreadPoolExecutor$Worker.run(ThreadPoolExecutor.java:642)
	at java.lang.Thread.run(Thread.java:1570)

